<?xml version="1.0" encoding="UTF-8"?>
<!-- Generated by org.testng.reporters.JUnitReportReporter -->
<testsuite hostname="DESKTOP-P1S80C2" failures="0" tests="2" name="DynamicJson" time="1.196" errors="0" timestamp="2023-03-22T05:51:48 IST" skipped="0">
  <testcase classname="DynamicJson" name="addBooks" time="0.096"/>
  <system-out/>
  <testcase classname="DynamicJson" name="addBooks" time="1.100"/>
  <system-out/>
</testsuite> <!-- DynamicJson -->
